[22/Sep/2015:03:28:31] ENGINE Listening for SIGHUP.
[22/Sep/2015:03:28:31] ENGINE Listening for SIGTERM.
[22/Sep/2015:03:28:31] ENGINE Listening for SIGUSR1.
[22/Sep/2015:03:28:31] ENGINE Bus STARTING
[22/Sep/2015:03:28:31] ENGINE Started monitor thread '_TimeoutMonitor'.
[22/Sep/2015:03:28:31] ENGINE Started monitor thread 'Autoreloader'.
[22/Sep/2015:03:28:31] ENGINE Serving on 127.0.0.1:8080
[22/Sep/2015:03:28:31] ENGINE Bus STARTED
[22/Sep/2015:03:28:39] ENGINE Keyboard Interrupt: shutting down bus
[22/Sep/2015:03:28:39] ENGINE Bus STOPPING
[22/Sep/2015:03:28:39] ENGINE HTTP Server cherrypy._cpwsgi_server.CPWSGIServer(('127.0.0.1', 8080)) shut down
[22/Sep/2015:03:28:39] ENGINE Stopped thread 'Autoreloader'.
[22/Sep/2015:03:28:39] ENGINE Stopped thread '_TimeoutMonitor'.
[22/Sep/2015:03:28:39] ENGINE Bus STOPPED
[22/Sep/2015:03:28:39] ENGINE Bus EXITING
[22/Sep/2015:03:28:39] ENGINE Bus EXITED
[22/Sep/2015:03:28:39] ENGINE Waiting for child threads to terminate...
[22/Sep/2015:03:28:58] ENGINE Listening for SIGHUP.
[22/Sep/2015:03:28:58] ENGINE Listening for SIGTERM.
[22/Sep/2015:03:28:58] ENGINE Listening for SIGUSR1.
[22/Sep/2015:03:28:58] ENGINE Bus STARTING
[22/Sep/2015:03:28:58] ENGINE Started monitor thread '_TimeoutMonitor'.
[22/Sep/2015:03:28:58] ENGINE Started monitor thread 'Autoreloader'.
[22/Sep/2015:03:28:58] ENGINE Serving on 127.0.0.1:8080
[22/Sep/2015:03:28:58] ENGINE Bus STARTED
127.0.0.1 - - [22/Sep/2015:03:29:01] "GET / HTTP/1.1" 200 25 "" "Mozilla/5.0 (X11; Ubuntu; Linux x86_64; rv:40.0) Gecko/20100101 Firefox/40.0"
127.0.0.1 - - [22/Sep/2015:03:29:01] "GET /favicon.ico HTTP/1.1" 200 1406 "" "Mozilla/5.0 (X11; Ubuntu; Linux x86_64; rv:40.0) Gecko/20100101 Firefox/40.0"
[22/Sep/2015:03:29:06] ENGINE Keyboard Interrupt: shutting down bus
[22/Sep/2015:03:29:06] ENGINE Bus STOPPING
[22/Sep/2015:03:29:07] ENGINE HTTP Server cherrypy._cpwsgi_server.CPWSGIServer(('127.0.0.1', 8080)) shut down
[22/Sep/2015:03:29:07] ENGINE Stopped thread 'Autoreloader'.
[22/Sep/2015:03:29:07] ENGINE Stopped thread '_TimeoutMonitor'.
[22/Sep/2015:03:29:07] ENGINE Bus STOPPED
[22/Sep/2015:03:29:07] ENGINE Bus EXITING
[22/Sep/2015:03:29:07] ENGINE Bus EXITED
[22/Sep/2015:03:29:07] ENGINE Waiting for child threads to terminate...
[22/Sep/2015:03:29:07] ENGINE Waiting for thread CP Server Thread-5.
Traceback (most recent call last):
  File "main.py", line 23, in <module>
    cherrypy.quickstart(Archive(), config="archive.conf")
  File "/usr/lib/python2.7/dist-packages/cherrypy/__init__.py", line 161, in quickstart
    engine.block()
  File "/usr/lib/python2.7/dist-packages/cherrypy/process/wspbus.py", line 329, in block
    t.join()
  File "/usr/lib/python2.7/threading.py", line 949, in join
    self.__block.wait()
  File "/usr/lib/python2.7/threading.py", line 339, in wait
    waiter.acquire()
KeyboardInterrupt
