Thu, 05 Nov 2015 18:17:37 CET : make -j CFLAGS=-O3 IIOFLAGS='-lpng -ltiff -ljpeg -lm' -C /mnt/ssd_ext4/IPOL/IPOLDEMO/ipolDevel/ipol_demo/app/44/src/imscript/.
make: Entering directory '/mnt/ssd_ext4/IPOL/IPOLDEMO/ipolDevel/ipol_demo/app/44/src/imscript'
cc -std=c99 -O3 -D_POSIX_C_SOURCE=200809L -D_XOPEN_SOURCE=700  -c src/iio.c -o src/iio.o
cc -std=c99 -O3  -DOMIT_GBLUR_MAIN -c src/gblur.c -o src/gblur.o
cc -std=c99 -O3  -DOMIT_MAIN -c src/hs.c -o src/hs.o
cc -std=c99 -O3  src/plambda.c src/iio.o -o bin/plambda -lpng -ltiff -ljpeg -lm
cc -std=c99 -O3  src/viewflow.c src/iio.o -o bin/viewflow -lpng -ltiff -ljpeg -lm
cc -std=c99 -O3  src/imprintf.c src/iio.o -o bin/imprintf -lpng -ltiff -ljpeg -lm
cc -std=c99 -O3  src/ntiply.c src/iio.o -o bin/ntiply -lpng -ltiff -ljpeg -lm
cc -std=c99 -O3  src/backflow.c src/iio.o -o bin/backflow -lpng -ltiff -ljpeg -lm
cc -std=c99 -O3  src/unalpha.c src/iio.o -o bin/unalpha -lpng -ltiff -ljpeg -lm
cc -std=c99 -O3  src/imdim.c src/iio.o -o bin/imdim -lpng -ltiff -ljpeg -lm
cc -std=c99 -O3  src/downsa.c src/iio.o -o bin/downsa -lpng -ltiff -ljpeg -lm
cc -std=c99 -O3  src/flowarrows.c src/iio.o -o bin/flowarrows -lpng -ltiff -ljpeg -lm
cc -std=c99 -O3  src/flowdiv.c src/iio.o -o bin/flowdiv -lpng -ltiff -ljpeg -lm
cc -std=c99 -O3  src/fnorm.c src/iio.o -o bin/fnorm -lpng -ltiff -ljpeg -lm
cc -std=c99 -O3  src/imgstats.c src/iio.o -o bin/imgstats -lpng -ltiff -ljpeg -lm
cc -std=c99 -O3  src/qauto.c src/iio.o -o bin/qauto -lpng -ltiff -ljpeg -lm
cc -std=c99 -O3  src/qeasy.c src/iio.o -o bin/qeasy -lpng -ltiff -ljpeg -lm
cc -std=c99 -O3  src/lrcat.c src/iio.o -o bin/lrcat -lpng -ltiff -ljpeg -lm
cc -std=c99 -O3  src/lk.c src/iio.o -o bin/lk -lpng -ltiff -ljpeg -lm
cc -std=c99 -O3  src/hs.c src/iio.o -o bin/hs -lpng -ltiff -ljpeg -lm
cc -std=c99 -O3  src/rgbcube.c src/iio.o -o bin/rgbcube -lpng -ltiff -ljpeg -lm
cc -std=c99 -O3  src/iminfo.c src/iio.o -o bin/iminfo -lpng -ltiff -ljpeg -lm
cc -std=c99 -O3  src/setdim.c src/iio.o -o bin/setdim -lpng -ltiff -ljpeg -lm
cc -std=c99 -O3  src/synflow.c src/iio.o -o bin/synflow -lpng -ltiff -ljpeg -lm
cc -std=c99 -O3  src/vecstack.c src/iio.o -o bin/vecstack -lpng -ltiff -ljpeg -lm
cc -std=c99 -O3  src/ofc.c src/iio.o -o bin/ofc -lpng -ltiff -ljpeg -lm
cc -std=c99 -O3  src/component.c src/iio.o -o bin/component -lpng -ltiff -ljpeg -lm
cc -std=c99 -O3  src/faxpb.c src/iio.o -o bin/faxpb -lpng -ltiff -ljpeg -lm
cc -std=c99 -O3  src/faxpby.c src/iio.o -o bin/faxpby -lpng -ltiff -ljpeg -lm
cc -std=c99 -O3  src/iion.c src/iio.o -o bin/iion -lpng -ltiff -ljpeg -lm
cc -std=c99 -O3  src/flowgrad.c src/iio.o -o bin/flowgrad -lpng -ltiff -ljpeg -lm
cc -std=c99 -O3  src/gblur.c src/iio.o -o bin/gblur -lpng -ltiff -ljpeg -lm -lfftw3f
cc -std=c99 -O3  src/fft.c src/iio.o -o bin/fft -lpng -ltiff -ljpeg -lm -lfftw3f
cc -std=c99 -O3  src/dct.c src/iio.o -o bin/dct -lpng -ltiff -ljpeg -lm -lfftw3f
cc -std=c99 -O3  -DUSE_MAINPHS src/flow_ms.c src/gblur.o src/hs.o src/iio.o -o bin/flow_ms -lpng -ltiff -ljpeg -lm -lfftw3f
In file included from src/synflow.c:24:0:
src/synflow.c: In function ‘invert_homography’:
src/synflow_core.c:259:25: warning: iteration 3u invokes undefined behavior [-Waggressive-loop-optimizations]
  FORI(9) invH[i] = ih[0][i];
                         ^
src/synflow.c:15:17: note: containing loop
 #define FORI(n) for(int i=0;i<(n);i++)
                 ^
src/synflow_core.c:259:2: note: in expansion of macro ‘FORI’
  FORI(9) invH[i] = ih[0][i];
  ^
In file included from src/synflow.c:24:0:
src/synflow.c: In function ‘produce_homography’:
src/synflow_core.c:282:22: warning: iteration 3u invokes undefined behavior [-Waggressive-loop-optimizations]
   FORI(9) H[i] = R[0][i];
                      ^
src/synflow.c:15:17: note: containing loop
 #define FORI(n) for(int i=0;i<(n);i++)
                 ^
src/synflow_core.c:282:3: note: in expansion of macro ‘FORI’
   FORI(9) H[i] = R[0][i];
   ^
In file included from src/synflow.c:24:0:
src/synflow_core.c:296:22: warning: iteration 3u invokes undefined behavior [-Waggressive-loop-optimizations]
   FORI(9) H[i] = R[0][i];
                      ^
src/synflow.c:15:17: note: containing loop
 #define FORI(n) for(int i=0;i<(n);i++)
                 ^
src/synflow_core.c:296:3: note: in expansion of macro ‘FORI’
   FORI(9) H[i] = R[0][i];
   ^
In file included from src/synflow.c:24:0:
src/synflow_core.c:310:22: warning: iteration 3u invokes undefined behavior [-Waggressive-loop-optimizations]
   FORI(9) H[i] = R[0][i];
                      ^
src/synflow.c:15:17: note: containing loop
 #define FORI(n) for(int i=0;i<(n);i++)
                 ^
src/synflow_core.c:310:3: note: in expansion of macro ‘FORI’
   FORI(9) H[i] = R[0][i];
   ^
In file included from src/synflow.c:24:0:
src/synflow_core.c:322:22: warning: iteration 3u invokes undefined behavior [-Waggressive-loop-optimizations]
   FORI(9) H[i] = R[0][i];
                      ^
src/synflow.c:15:17: note: containing loop
 #define FORI(n) for(int i=0;i<(n);i++)
                 ^
src/synflow_core.c:322:3: note: in expansion of macro ‘FORI’
   FORI(9) H[i] = R[0][i];
   ^
In file included from src/synflow.c:24:0:
src/synflow_core.c:340:22: warning: iteration 3u invokes undefined behavior [-Waggressive-loop-optimizations]
   FORI(9) H[i] = R[0][i];
                      ^
src/synflow.c:15:17: note: containing loop
 #define FORI(n) for(int i=0;i<(n);i++)
                 ^
src/synflow_core.c:340:3: note: in expansion of macro ‘FORI’
   FORI(9) H[i] = R[0][i];
   ^
In file included from src/synflow.c:24:0:
src/synflow_core.c:358:22: warning: iteration 3u invokes undefined behavior [-Waggressive-loop-optimizations]
   FORI(9) H[i] = R[0][i];
                      ^
src/synflow.c:15:17: note: containing loop
 #define FORI(n) for(int i=0;i<(n);i++)
                 ^
src/synflow_core.c:358:3: note: in expansion of macro ‘FORI’
   FORI(9) H[i] = R[0][i];
   ^
In file included from src/synflow.c:24:0:
src/synflow.c: In function ‘produce_combi2_model’:
src/synflow_core.c:554:24: warning: iteration 3u invokes undefined behavior [-Waggressive-loop-optimizations]
   FORI(9) H[i+3] = R[0][i];
                        ^
src/synflow.c:15:17: note: containing loop
 #define FORI(n) for(int i=0;i<(n);i++)
                 ^
src/synflow_core.c:554:3: note: in expansion of macro ‘FORI’
   FORI(9) H[i+3] = R[0][i];
   ^
In file included from src/synflow.c:24:0:
src/synflow.c: In function ‘produce_flow_model’:
src/synflow_core.c:696:26: warning: iteration 3u invokes undefined behavior [-Waggressive-loop-optimizations]
   FORI(6) f->iH[i] = invH[i];
                          ^
src/synflow.c:15:17: note: containing loop
 #define FORI(n) for(int i=0;i<(n);i++)
                 ^
src/synflow_core.c:696:3: note: in expansion of macro ‘FORI’
   FORI(6) f->iH[i] = invH[i];
   ^
In file included from src/synflow.c:24:0:
src/synflow_core.c:695:22: warning: iteration 3u invokes undefined behavior [-Waggressive-loop-optimizations]
   FORI(6) f->H[i] = H[i];
                      ^
src/synflow.c:15:17: note: containing loop
 #define FORI(n) for(int i=0;i<(n);i++)
                 ^
src/synflow_core.c:695:3: note: in expansion of macro ‘FORI’
   FORI(6) f->H[i] = H[i];
   ^
In file included from src/synflow.c:24:0:
src/synflow_core.c:702:26: warning: iteration 3u invokes undefined behavior [-Waggressive-loop-optimizations]
   FORI(6) f->iH[i] = invH[i];
                          ^
src/synflow.c:15:17: note: containing loop
 #define FORI(n) for(int i=0;i<(n);i++)
                 ^
src/synflow_core.c:702:3: note: in expansion of macro ‘FORI’
   FORI(6) f->iH[i] = invH[i];
   ^
In file included from src/synflow.c:24:0:
src/synflow_core.c:701:22: warning: iteration 3u invokes undefined behavior [-Waggressive-loop-optimizations]
   FORI(6) f->H[i] = H[i];
                      ^
src/synflow.c:15:17: note: containing loop
 #define FORI(n) for(int i=0;i<(n);i++)
                 ^
src/synflow_core.c:701:3: note: in expansion of macro ‘FORI’
   FORI(6) f->H[i] = H[i];
   ^
make: Leaving directory '/mnt/ssd_ext4/IPOL/IPOLDEMO/ipolDevel/ipol_demo/app/44/src/imscript'
